<?xml version="1.0" encoding="UTF-8"?>
<!-- Generated by org.testng.reporters.JUnitXMLReporter -->
<testsuite hostname="SandeepDell" name="Test" tests="47" failures="0" timestamp="4 Dec 2016 08:45:21 GMT" time="2.244" errors="0">
  <testcase name="@BeforeClass open" time="0.0" classname="main.DeltaDriver">
    <failure type="org.openqa.selenium.remote.UnreachableBrowserException" message="Could not start a new session. Possible causes are invalid address of the remote server or browser start-up failure.
Build info: version: &amp;apos;2.53.0&amp;apos;, revision: &amp;apos;35ae25b1534ae328c771e0856c93e187490ca824&amp;apos;, time: &amp;apos;2016-03-15 10:43:46&amp;apos;
System info: host: &amp;apos;SandeepDell&amp;apos;, ip: &amp;apos;192.168.56.1&amp;apos;, os.name: &amp;apos;Windows 10&amp;apos;, os.arch: &amp;apos;amd64&amp;apos;, os.version: &amp;apos;10.0&amp;apos;, java.version: &amp;apos;1.8.0_101&amp;apos;
Driver info: driver.version: DeltaDriver">
      <![CDATA[org.openqa.selenium.remote.UnreachableBrowserException: Could not start a new session. Possible causes are invalid address of the remote server or browser start-up failure.
Build info: version: '2.53.0', revision: '35ae25b1534ae328c771e0856c93e187490ca824', time: '2016-03-15 10:43:46'
System info: host: 'SandeepDell', ip: '192.168.56.1', os.name: 'Windows 10', os.arch: 'amd64', os.version: '10.0', java.version: '1.8.0_101'
Driver info: driver.version: DeltaDriver
	at org.openqa.selenium.remote.RemoteWebDriver.execute(RemoteWebDriver.java:665)
	at org.openqa.selenium.remote.RemoteWebDriver.startSession(RemoteWebDriver.java:249)
	at org.openqa.selenium.remote.RemoteWebDriver.<init>(RemoteWebDriver.java:131)
	at org.openqa.selenium.remote.RemoteWebDriver.<init>(RemoteWebDriver.java:158)
	at main.DeltaDriver.open(DeltaDriver.java:54)
Caused by: java.net.UnknownHostException: hub.browserstack.com
	at java.net.Inet6AddressImpl.lookupAllHostAddr(Native Method)
	at java.net.InetAddress$2.lookupAllHostAddr(Unknown Source)
	at java.net.InetAddress.getAddressesFromNameService(Unknown Source)
	at java.net.InetAddress.getAllByName0(Unknown Source)
	at java.net.InetAddress.getAllByName(Unknown Source)
	at java.net.InetAddress.getAllByName(Unknown Source)
	at org.apache.http.impl.conn.SystemDefaultDnsResolver.resolve(SystemDefaultDnsResolver.java:45)
	at org.apache.http.impl.conn.DefaultHttpClientConnectionOperator.connect(DefaultHttpClientConnectionOperator.java:111)
	at org.apache.http.impl.conn.PoolingHttpClientConnectionManager.connect(PoolingHttpClientConnectionManager.java:353)
	at org.apache.http.impl.execchain.MainClientExec.establishRoute(MainClientExec.java:380)
	at org.apache.http.impl.execchain.MainClientExec.execute(MainClientExec.java:236)
	at org.apache.http.impl.execchain.ProtocolExec.execute(ProtocolExec.java:184)
	at org.apache.http.impl.execchain.RetryExec.execute(RetryExec.java:88)
	at org.apache.http.impl.execchain.RedirectExec.execute(RedirectExec.java:110)
	at org.apache.http.impl.client.InternalHttpClient.doExecute(InternalHttpClient.java:184)
	at org.apache.http.impl.client.CloseableHttpClient.execute(CloseableHttpClient.java:71)
	at org.apache.http.impl.client.CloseableHttpClient.execute(CloseableHttpClient.java:55)
	at org.openqa.selenium.remote.internal.ApacheHttpClient.fallBackExecute(ApacheHttpClient.java:144)
	at org.openqa.selenium.remote.internal.ApacheHttpClient.execute(ApacheHttpClient.java:90)
	at org.openqa.selenium.remote.HttpCommandExecutor.execute(HttpCommandExecutor.java:142)
	at org.openqa.selenium.remote.RemoteWebDriver.execute(RemoteWebDriver.java:644)
	... 31 more
... Removed 27 stack frames]]>
    </failure>
  </testcase> <!-- @BeforeClass open -->
  <testcase name="testScenarios" time="0.001" classname="main.DeltaDriver">
    <skipped/>
  </testcase> <!-- testScenarios -->
  <testcase name="testScenarios" time="0.001" classname="main.DeltaDriver">
    <skipped/>
  </testcase> <!-- testScenarios -->
  <testcase name="testScenarios" time="0.0" classname="main.DeltaDriver">
    <skipped/>
  </testcase> <!-- testScenarios -->
  <testcase name="testScenarios" time="0.0" classname="main.DeltaDriver">
    <skipped/>
  </testcase> <!-- testScenarios -->
  <testcase name="testScenarios" time="0.0" classname="main.DeltaDriver">
    <skipped/>
  </testcase> <!-- testScenarios -->
  <testcase name="testScenarios" time="0.0" classname="main.DeltaDriver">
    <skipped/>
  </testcase> <!-- testScenarios -->
  <testcase name="testScenarios" time="0.0" classname="main.DeltaDriver">
    <skipped/>
  </testcase> <!-- testScenarios -->
  <testcase name="testScenarios" time="0.0" classname="main.DeltaDriver">
    <skipped/>
  </testcase> <!-- testScenarios -->
  <testcase name="testScenarios" time="0.0" classname="main.DeltaDriver">
    <skipped/>
  </testcase> <!-- testScenarios -->
  <testcase name="testScenarios" time="0.0" classname="main.DeltaDriver">
    <skipped/>
  </testcase> <!-- testScenarios -->
  <testcase name="testScenarios" time="0.0" classname="main.DeltaDriver">
    <skipped/>
  </testcase> <!-- testScenarios -->
  <testcase name="testScenarios" time="0.0" classname="main.DeltaDriver">
    <skipped/>
  </testcase> <!-- testScenarios -->
  <testcase name="testScenarios" time="0.0" classname="main.DeltaDriver">
    <skipped/>
  </testcase> <!-- testScenarios -->
  <testcase name="testScenarios" time="0.0" classname="main.DeltaDriver">
    <skipped/>
  </testcase> <!-- testScenarios -->
  <testcase name="testScenarios" time="0.0" classname="main.DeltaDriver">
    <skipped/>
  </testcase> <!-- testScenarios -->
  <testcase name="testScenarios" time="0.0" classname="main.DeltaDriver">
    <skipped/>
  </testcase> <!-- testScenarios -->
  <testcase name="testScenarios" time="0.0" classname="main.DeltaDriver">
    <skipped/>
  </testcase> <!-- testScenarios -->
  <testcase name="testScenarios" time="0.0" classname="main.DeltaDriver">
    <skipped/>
  </testcase> <!-- testScenarios -->
  <testcase name="testScenarios" time="0.0" classname="main.DeltaDriver">
    <skipped/>
  </testcase> <!-- testScenarios -->
  <testcase name="testScenarios" time="0.0" classname="main.DeltaDriver">
    <skipped/>
  </testcase> <!-- testScenarios -->
  <testcase name="testScenarios" time="0.0" classname="main.DeltaDriver">
    <skipped/>
  </testcase> <!-- testScenarios -->
  <testcase name="testScenarios" time="0.001" classname="main.DeltaDriver">
    <skipped/>
  </testcase> <!-- testScenarios -->
  <testcase name="testScenarios" time="0.0" classname="main.DeltaDriver">
    <skipped/>
  </testcase> <!-- testScenarios -->
  <testcase name="testScenarios" time="0.0" classname="main.DeltaDriver">
    <skipped/>
  </testcase> <!-- testScenarios -->
  <testcase name="testScenarios" time="0.0" classname="main.DeltaDriver">
    <skipped/>
  </testcase> <!-- testScenarios -->
  <testcase name="testScenarios" time="0.0" classname="main.DeltaDriver">
    <skipped/>
  </testcase> <!-- testScenarios -->
  <testcase name="testScenarios" time="0.0" classname="main.DeltaDriver">
    <skipped/>
  </testcase> <!-- testScenarios -->
  <testcase name="testScenarios" time="0.0" classname="main.DeltaDriver">
    <skipped/>
  </testcase> <!-- testScenarios -->
  <testcase name="testScenarios" time="0.0" classname="main.DeltaDriver">
    <skipped/>
  </testcase> <!-- testScenarios -->
  <testcase name="testScenarios" time="0.0" classname="main.DeltaDriver">
    <skipped/>
  </testcase> <!-- testScenarios -->
  <testcase name="testScenarios" time="0.0" classname="main.DeltaDriver">
    <skipped/>
  </testcase> <!-- testScenarios -->
  <testcase name="testScenarios" time="0.0" classname="main.DeltaDriver">
    <skipped/>
  </testcase> <!-- testScenarios -->
  <testcase name="testScenarios" time="0.0" classname="main.DeltaDriver">
    <skipped/>
  </testcase> <!-- testScenarios -->
  <testcase name="testScenarios" time="0.001" classname="main.DeltaDriver">
    <skipped/>
  </testcase> <!-- testScenarios -->
  <testcase name="testScenarios" time="0.0" classname="main.DeltaDriver">
    <skipped/>
  </testcase> <!-- testScenarios -->
  <testcase name="testScenarios" time="0.0" classname="main.DeltaDriver">
    <skipped/>
  </testcase> <!-- testScenarios -->
  <testcase name="testScenarios" time="0.0" classname="main.DeltaDriver">
    <skipped/>
  </testcase> <!-- testScenarios -->
  <testcase name="testScenarios" time="0.0" classname="main.DeltaDriver">
    <skipped/>
  </testcase> <!-- testScenarios -->
  <testcase name="testScenarios" time="0.0" classname="main.DeltaDriver">
    <skipped/>
  </testcase> <!-- testScenarios -->
  <testcase name="testScenarios" time="0.0" classname="main.DeltaDriver">
    <skipped/>
  </testcase> <!-- testScenarios -->
  <testcase name="testScenarios" time="0.0" classname="main.DeltaDriver">
    <skipped/>
  </testcase> <!-- testScenarios -->
  <testcase name="testScenarios" time="0.0" classname="main.DeltaDriver">
    <skipped/>
  </testcase> <!-- testScenarios -->
  <testcase name="testScenarios" time="0.0" classname="main.DeltaDriver">
    <skipped/>
  </testcase> <!-- testScenarios -->
  <testcase name="testScenarios" time="0.0" classname="main.DeltaDriver">
    <skipped/>
  </testcase> <!-- testScenarios -->
  <testcase name="testScenarios" time="0.0" classname="main.DeltaDriver">
    <skipped/>
  </testcase> <!-- testScenarios -->
  <testcase name="testScenarios" time="0.0" classname="main.DeltaDriver">
    <skipped/>
  </testcase> <!-- testScenarios -->
  <testcase name="testScenarios" time="0.0" classname="main.DeltaDriver">
    <skipped/>
  </testcase> <!-- testScenarios -->
</testsuite> <!-- Test -->
