<?xml version="1.0" encoding="UTF-8"?>
<testsuite xmlns:xsi="http://www.w3.org/2001/XMLSchema-instance" xsi:schemaLocation="https://maven.apache.org/surefire/maven-surefire-plugin/xsd/surefire-test-report.xsd" name="TestSuite" time="3.001" tests="49" errors="0" skipped="48" failures="1">
  <properties>
[...]
</properties>
  <testcase name="open" classname="main.DeltaDriver" time="0.862">
    <failure message="Could not start a new session. Possible causes are invalid address of the remote server or browser start-up failure.&#10;Build info: version: &apos;2.53.0&apos;, revision: &apos;35ae25b1534ae328c771e0856c93e187490ca824&apos;, time: &apos;2016-03-15 10:43:46&apos;&#10;System info: host: &apos;SandeepDell&apos;, ip: &apos;192.168.56.1&apos;, os.name: &apos;Windows 10&apos;, os.arch: &apos;amd64&apos;, os.version: &apos;10.0&apos;, java.version: &apos;1.8.0_101&apos;&#10;Driver info: driver.version: DeltaDriver" type="org.openqa.selenium.remote.UnreachableBrowserException">org.openqa.selenium.remote.UnreachableBrowserException: 
Could not start a new session. Possible causes are invalid address of the remote server or browser start-up failure.
Build info: version: '2.53.0', revision: '35ae25b1534ae328c771e0856c93e187490ca824', time: '2016-03-15 10:43:46'
System info: host: 'SandeepDell', ip: '192.168.56.1', os.name: 'Windows 10', os.arch: 'amd64', os.version: '10.0', java.version: '1.8.0_101'
Driver info: driver.version: DeltaDriver
	at main.DeltaDriver.open(DeltaDriver.java:54)
Caused by: java.net.UnknownHostException: hub.browserstack.com
	at main.DeltaDriver.open(DeltaDriver.java:54)
</failure>
  </testcase>
  <testcase name="testScenarios" classname="main.DeltaDriver" time="0">
    <skipped/>
  </testcase>
  <testcase name="testScenarios" classname="main.DeltaDriver" time="0">
    <skipped/>
  </testcase>
  <testcase name="testScenarios" classname="main.DeltaDriver" time="0">
    <skipped/>
  </testcase>
  <testcase name="testScenarios" classname="main.DeltaDriver" time="0">
    <skipped/>
  </testcase>
  <testcase name="testScenarios" classname="main.DeltaDriver" time="0">
    <skipped/>
  </testcase>
  <testcase name="testScenarios" classname="main.DeltaDriver" time="0">
    <skipped/>
  </testcase>
  <testcase name="testScenarios" classname="main.DeltaDriver" time="0">
    <skipped/>
  </testcase>
  <testcase name="testScenarios" classname="main.DeltaDriver" time="0">
    <skipped/>
  </testcase>
  <testcase name="testScenarios" classname="main.DeltaDriver" time="0">
    <skipped/>
  </testcase>
  <testcase name="testScenarios" classname="main.DeltaDriver" time="0">
    <skipped/>
  </testcase>
  <testcase name="testScenarios" classname="main.DeltaDriver" time="0">
    <skipped/>
  </testcase>
  <testcase name="testScenarios" classname="main.DeltaDriver" time="0">
    <skipped/>
  </testcase>
  <testcase name="testScenarios" classname="main.DeltaDriver" time="0">
    <skipped/>
  </testcase>
  <testcase name="testScenarios" classname="main.DeltaDriver" time="0">
    <skipped/>
  </testcase>
  <testcase name="testScenarios" classname="main.DeltaDriver" time="0">
    <skipped/>
  </testcase>
  <testcase name="testScenarios" classname="main.DeltaDriver" time="0">
    <skipped/>
  </testcase>
  <testcase name="testScenarios" classname="main.DeltaDriver" time="0">
    <skipped/>
  </testcase>
  <testcase name="testScenarios" classname="main.DeltaDriver" time="0">
    <skipped/>
  </testcase>
  <testcase name="testScenarios" classname="main.DeltaDriver" time="0">
    <skipped/>
  </testcase>
  <testcase name="testScenarios" classname="main.DeltaDriver" time="0">
    <skipped/>
  </testcase>
  <testcase name="testScenarios" classname="main.DeltaDriver" time="0">
    <skipped/>
  </testcase>
  <testcase name="testScenarios" classname="main.DeltaDriver" time="0">
    <skipped/>
  </testcase>
  <testcase name="testScenarios" classname="main.DeltaDriver" time="0">
    <skipped/>
  </testcase>
  <testcase name="testScenarios" classname="main.DeltaDriver" time="0">
    <skipped/>
  </testcase>
  <testcase name="testScenarios" classname="main.DeltaDriver" time="0">
    <skipped/>
  </testcase>
  <testcase name="testScenarios" classname="main.DeltaDriver" time="0">
    <skipped/>
  </testcase>
  <testcase name="testScenarios" classname="main.DeltaDriver" time="0">
    <skipped/>
  </testcase>
  <testcase name="testScenarios" classname="main.DeltaDriver" time="0">
    <skipped/>
  </testcase>
  <testcase name="testScenarios" classname="main.DeltaDriver" time="0">
    <skipped/>
  </testcase>
  <testcase name="testScenarios" classname="main.DeltaDriver" time="0">
    <skipped/>
  </testcase>
  <testcase name="testScenarios" classname="main.DeltaDriver" time="0">
    <skipped/>
  </testcase>
  <testcase name="testScenarios" classname="main.DeltaDriver" time="0">
    <skipped/>
  </testcase>
  <testcase name="testScenarios" classname="main.DeltaDriver" time="0">
    <skipped/>
  </testcase>
  <testcase name="testScenarios" classname="main.DeltaDriver" time="0">
    <skipped/>
  </testcase>
  <testcase name="testScenarios" classname="main.DeltaDriver" time="0">
    <skipped/>
  </testcase>
  <testcase name="testScenarios" classname="main.DeltaDriver" time="0">
    <skipped/>
  </testcase>
  <testcase name="testScenarios" classname="main.DeltaDriver" time="0">
    <skipped/>
  </testcase>
  <testcase name="testScenarios" classname="main.DeltaDriver" time="0">
    <skipped/>
  </testcase>
  <testcase name="testScenarios" classname="main.DeltaDriver" time="0">
    <skipped/>
  </testcase>
  <testcase name="testScenarios" classname="main.DeltaDriver" time="0">
    <skipped/>
  </testcase>
  <testcase name="testScenarios" classname="main.DeltaDriver" time="0">
    <skipped/>
  </testcase>
  <testcase name="testScenarios" classname="main.DeltaDriver" time="0">
    <skipped/>
  </testcase>
  <testcase name="testScenarios" classname="main.DeltaDriver" time="0">
    <skipped/>
  </testcase>
  <testcase name="testScenarios" classname="main.DeltaDriver" time="0">
    <skipped/>
  </testcase>
  <testcase name="testScenarios" classname="main.DeltaDriver" time="0">
    <skipped/>
  </testcase>
  <testcase name="testScenarios" classname="main.DeltaDriver" time="0">
    <skipped/>
  </testcase>
  <testcase name="testScenarios" classname="main.DeltaDriver" time="0">
    <skipped/>
  </testcase>
  <testcase name="endFrameWork" classname="main.DeltaDriver" time="0">
    <skipped/>
  </testcase>
</testsuite>