<?xml version="1.0" encoding="UTF-8"?>
<testng-results skipped="47" failed="0" total="47" passed="0">
  <reporter-output>
  </reporter-output>
  <suite name="Suite" duration-ms="2244" started-at="2016-12-04T08:45:18Z" finished-at="2016-12-04T08:45:20Z">
    <groups>
    </groups>
    <test name="Test" duration-ms="2244" started-at="2016-12-04T08:45:18Z" finished-at="2016-12-04T08:45:20Z">
      <class name="main.DeltaDriver">
        <test-method status="PASS" signature="initFrameWork()[pri:0, instance:main.DeltaDriver@246ae04d]" name="initFrameWork" is-config="true" duration-ms="104" started-at="2016-12-04T14:15:18Z" finished-at="2016-12-04T14:15:18Z">
          <reporter-output>
          </reporter-output>
        </test-method> <!-- initFrameWork -->
        <test-method status="FAIL" signature="open()[pri:0, instance:main.DeltaDriver@246ae04d]" name="open" is-config="true" duration-ms="0" started-at="2016-12-04T14:15:18Z" finished-at="2016-12-04T14:15:18Z">
          <exception class="org.openqa.selenium.remote.UnreachableBrowserException">
            <message>
              <![CDATA[Could not start a new session. Possible causes are invalid address of the remote server or browser start-up failure.
Build info: version: '2.53.0', revision: '35ae25b1534ae328c771e0856c93e187490ca824', time: '2016-03-15 10:43:46'
System info: host: 'SandeepDell', ip: '192.168.56.1', os.name: 'Windows 10', os.arch: 'amd64', os.version: '10.0', java.version: '1.8.0_101'
Driver info: driver.version: DeltaDriver]]>
            </message>
            <full-stacktrace>
              <![CDATA[org.openqa.selenium.remote.UnreachableBrowserException: Could not start a new session. Possible causes are invalid address of the remote server or browser start-up failure.
Build info: version: '2.53.0', revision: '35ae25b1534ae328c771e0856c93e187490ca824', time: '2016-03-15 10:43:46'
System info: host: 'SandeepDell', ip: '192.168.56.1', os.name: 'Windows 10', os.arch: 'amd64', os.version: '10.0', java.version: '1.8.0_101'
Driver info: driver.version: DeltaDriver
	at org.openqa.selenium.remote.RemoteWebDriver.execute(RemoteWebDriver.java:665)
	at org.openqa.selenium.remote.RemoteWebDriver.startSession(RemoteWebDriver.java:249)
	at org.openqa.selenium.remote.RemoteWebDriver.<init>(RemoteWebDriver.java:131)
	at org.openqa.selenium.remote.RemoteWebDriver.<init>(RemoteWebDriver.java:158)
	at main.DeltaDriver.open(DeltaDriver.java:54)
	at sun.reflect.NativeMethodAccessorImpl.invoke0(Native Method)
	at sun.reflect.NativeMethodAccessorImpl.invoke(Unknown Source)
	at sun.reflect.DelegatingMethodAccessorImpl.invoke(Unknown Source)
	at java.lang.reflect.Method.invoke(Unknown Source)
	at org.testng.internal.MethodInvocationHelper.invokeMethod(MethodInvocationHelper.java:85)
	at org.testng.internal.Invoker.invokeConfigurationMethod(Invoker.java:510)
	at org.testng.internal.Invoker.invokeConfigurations(Invoker.java:211)
	at org.testng.internal.Invoker.invokeConfigurations(Invoker.java:138)
	at org.testng.internal.TestMethodWorker.invokeBeforeClassMethods(TestMethodWorker.java:170)
	at org.testng.internal.TestMethodWorker.run(TestMethodWorker.java:104)
	at org.testng.TestRunner.privateRun(TestRunner.java:774)
	at org.testng.TestRunner.run(TestRunner.java:624)
	at org.testng.SuiteRunner.runTest(SuiteRunner.java:359)
	at org.testng.SuiteRunner.runSequentially(SuiteRunner.java:354)
	at org.testng.SuiteRunner.privateRun(SuiteRunner.java:312)
	at org.testng.SuiteRunner.run(SuiteRunner.java:261)
	at org.testng.SuiteRunnerWorker.runSuite(SuiteRunnerWorker.java:52)
	at org.testng.SuiteRunnerWorker.run(SuiteRunnerWorker.java:86)
	at org.testng.TestNG.runSuitesSequentially(TestNG.java:1215)
	at org.testng.TestNG.runSuitesLocally(TestNG.java:1140)
	at org.testng.TestNG.run(TestNG.java:1048)
	at org.apache.maven.surefire.testng.TestNGExecutor.run(TestNGExecutor.java:281)
	at org.apache.maven.surefire.testng.TestNGXmlTestSuite.execute(TestNGXmlTestSuite.java:75)
	at org.apache.maven.surefire.testng.TestNGProvider.invoke(TestNGProvider.java:121)
	at org.apache.maven.surefire.booter.ForkedBooter.invokeProviderInSameClassLoader(ForkedBooter.java:290)
	at org.apache.maven.surefire.booter.ForkedBooter.runSuitesInProcess(ForkedBooter.java:242)
	at org.apache.maven.surefire.booter.ForkedBooter.main(ForkedBooter.java:121)
Caused by: java.net.UnknownHostException: hub.browserstack.com
	at java.net.Inet6AddressImpl.lookupAllHostAddr(Native Method)
	at java.net.InetAddress$2.lookupAllHostAddr(Unknown Source)
	at java.net.InetAddress.getAddressesFromNameService(Unknown Source)
	at java.net.InetAddress.getAllByName0(Unknown Source)
	at java.net.InetAddress.getAllByName(Unknown Source)
	at java.net.InetAddress.getAllByName(Unknown Source)
	at org.apache.http.impl.conn.SystemDefaultDnsResolver.resolve(SystemDefaultDnsResolver.java:45)
	at org.apache.http.impl.conn.DefaultHttpClientConnectionOperator.connect(DefaultHttpClientConnectionOperator.java:111)
	at org.apache.http.impl.conn.PoolingHttpClientConnectionManager.connect(PoolingHttpClientConnectionManager.java:353)
	at org.apache.http.impl.execchain.MainClientExec.establishRoute(MainClientExec.java:380)
	at org.apache.http.impl.execchain.MainClientExec.execute(MainClientExec.java:236)
	at org.apache.http.impl.execchain.ProtocolExec.execute(ProtocolExec.java:184)
	at org.apache.http.impl.execchain.RetryExec.execute(RetryExec.java:88)
	at org.apache.http.impl.execchain.RedirectExec.execute(RedirectExec.java:110)
	at org.apache.http.impl.client.InternalHttpClient.doExecute(InternalHttpClient.java:184)
	at org.apache.http.impl.client.CloseableHttpClient.execute(CloseableHttpClient.java:71)
	at org.apache.http.impl.client.CloseableHttpClient.execute(CloseableHttpClient.java:55)
	at org.openqa.selenium.remote.internal.ApacheHttpClient.fallBackExecute(ApacheHttpClient.java:144)
	at org.openqa.selenium.remote.internal.ApacheHttpClient.execute(ApacheHttpClient.java:90)
	at org.openqa.selenium.remote.HttpCommandExecutor.execute(HttpCommandExecutor.java:142)
	at org.openqa.selenium.remote.RemoteWebDriver.execute(RemoteWebDriver.java:644)
	... 31 more
]]>
            </full-stacktrace>
          </exception> <!-- org.openqa.selenium.remote.UnreachableBrowserException -->
          <reporter-output>
          </reporter-output>
        </test-method> <!-- open -->
        <test-method status="SKIP" signature="testScenarios(java.lang.String, java.lang.String)[pri:0, instance:main.DeltaDriver@246ae04d]" name="testScenarios" duration-ms="1" started-at="2016-12-04T14:15:20Z" data-provider="getScenarios" finished-at="2016-12-04T14:15:20Z">
          <params>
            <param index="0">
              <value>
                <![CDATA[Login]]>
              </value>
            </param>
            <param index="1">
              <value>
                <![CDATA[Yes]]>
              </value>
            </param>
          </params>
          <reporter-output>
          </reporter-output>
        </test-method> <!-- testScenarios -->
        <test-method status="SKIP" signature="testScenarios(java.lang.String, java.lang.String)[pri:0, instance:main.DeltaDriver@246ae04d]" name="testScenarios" duration-ms="1" started-at="2016-12-04T14:15:20Z" data-provider="getScenarios" finished-at="2016-12-04T14:15:20Z">
          <params>
            <param index="0">
              <value>
                <![CDATA[Vicor-UC1]]>
              </value>
            </param>
            <param index="1">
              <value>
                <![CDATA[Yes]]>
              </value>
            </param>
          </params>
          <reporter-output>
          </reporter-output>
        </test-method> <!-- testScenarios -->
        <test-method status="SKIP" signature="testScenarios(java.lang.String, java.lang.String)[pri:0, instance:main.DeltaDriver@246ae04d]" name="testScenarios" duration-ms="0" started-at="2016-12-04T14:15:20Z" data-provider="getScenarios" finished-at="2016-12-04T14:15:20Z">
          <params>
            <param index="0">
              <value>
                <![CDATA[Vicor-UC5]]>
              </value>
            </param>
            <param index="1">
              <value>
                <![CDATA[Yes]]>
              </value>
            </param>
          </params>
          <reporter-output>
          </reporter-output>
        </test-method> <!-- testScenarios -->
        <test-method status="SKIP" signature="testScenarios(java.lang.String, java.lang.String)[pri:0, instance:main.DeltaDriver@246ae04d]" name="testScenarios" duration-ms="0" started-at="2016-12-04T14:15:20Z" data-provider="getScenarios" finished-at="2016-12-04T14:15:20Z">
          <params>
            <param index="0">
              <value>
                <![CDATA[Vicor-UC3]]>
              </value>
            </param>
            <param index="1">
              <value>
                <![CDATA[Yes]]>
              </value>
            </param>
          </params>
          <reporter-output>
          </reporter-output>
        </test-method> <!-- testScenarios -->
        <test-method status="SKIP" signature="testScenarios(java.lang.String, java.lang.String)[pri:0, instance:main.DeltaDriver@246ae04d]" name="testScenarios" duration-ms="0" started-at="2016-12-04T14:15:20Z" data-provider="getScenarios" finished-at="2016-12-04T14:15:20Z">
          <params>
            <param index="0">
              <value>
                <![CDATA[Vicor-UC2]]>
              </value>
            </param>
            <param index="1">
              <value>
                <![CDATA[Yes]]>
              </value>
            </param>
          </params>
          <reporter-output>
          </reporter-output>
        </test-method> <!-- testScenarios -->
        <test-method status="SKIP" signature="testScenarios(java.lang.String, java.lang.String)[pri:0, instance:main.DeltaDriver@246ae04d]" name="testScenarios" duration-ms="0" started-at="2016-12-04T14:15:20Z" data-provider="getScenarios" finished-at="2016-12-04T14:15:20Z">
          <params>
            <param index="0">
              <value>
                <![CDATA[Vicor-UC4]]>
              </value>
            </param>
            <param index="1">
              <value>
                <![CDATA[Yes]]>
              </value>
            </param>
          </params>
          <reporter-output>
          </reporter-output>
        </test-method> <!-- testScenarios -->
        <test-method status="SKIP" signature="testScenarios(java.lang.String, java.lang.String)[pri:0, instance:main.DeltaDriver@246ae04d]" name="testScenarios" duration-ms="0" started-at="2016-12-04T14:15:20Z" data-provider="getScenarios" finished-at="2016-12-04T14:15:20Z">
          <params>
            <param index="0">
              <value>
                <![CDATA[ACHORIG-UC1]]>
              </value>
            </param>
            <param index="1">
              <value>
                <![CDATA[No]]>
              </value>
            </param>
          </params>
          <reporter-output>
          </reporter-output>
        </test-method> <!-- testScenarios -->
        <test-method status="SKIP" signature="testScenarios(java.lang.String, java.lang.String)[pri:0, instance:main.DeltaDriver@246ae04d]" name="testScenarios" duration-ms="0" started-at="2016-12-04T14:15:20Z" data-provider="getScenarios" finished-at="2016-12-04T14:15:20Z">
          <params>
            <param index="0">
              <value>
                <![CDATA[ACHORIG-UC3]]>
              </value>
            </param>
            <param index="1">
              <value>
                <![CDATA[No]]>
              </value>
            </param>
          </params>
          <reporter-output>
          </reporter-output>
        </test-method> <!-- testScenarios -->
        <test-method status="SKIP" signature="testScenarios(java.lang.String, java.lang.String)[pri:0, instance:main.DeltaDriver@246ae04d]" name="testScenarios" duration-ms="0" started-at="2016-12-04T14:15:20Z" data-provider="getScenarios" finished-at="2016-12-04T14:15:20Z">
          <params>
            <param index="0">
              <value>
                <![CDATA[ACHORIG-UC2]]>
              </value>
            </param>
            <param index="1">
              <value>
                <![CDATA[No]]>
              </value>
            </param>
          </params>
          <reporter-output>
          </reporter-output>
        </test-method> <!-- testScenarios -->
        <test-method status="SKIP" signature="testScenarios(java.lang.String, java.lang.String)[pri:0, instance:main.DeltaDriver@246ae04d]" name="testScenarios" duration-ms="0" started-at="2016-12-04T14:15:20Z" data-provider="getScenarios" finished-at="2016-12-04T14:15:20Z">
          <params>
            <param index="0">
              <value>
                <![CDATA[Vicor-UC6]]>
              </value>
            </param>
            <param index="1">
              <value>
                <![CDATA[Yes]]>
              </value>
            </param>
          </params>
          <reporter-output>
          </reporter-output>
        </test-method> <!-- testScenarios -->
        <test-method status="SKIP" signature="testScenarios(java.lang.String, java.lang.String)[pri:0, instance:main.DeltaDriver@246ae04d]" name="testScenarios" duration-ms="0" started-at="2016-12-04T14:15:20Z" data-provider="getScenarios" finished-at="2016-12-04T14:15:20Z">
          <params>
            <param index="0">
              <value>
                <![CDATA[ACHORIG-UC8]]>
              </value>
            </param>
            <param index="1">
              <value>
                <![CDATA[No]]>
              </value>
            </param>
          </params>
          <reporter-output>
          </reporter-output>
        </test-method> <!-- testScenarios -->
        <test-method status="SKIP" signature="testScenarios(java.lang.String, java.lang.String)[pri:0, instance:main.DeltaDriver@246ae04d]" name="testScenarios" duration-ms="0" started-at="2016-12-04T14:15:20Z" data-provider="getScenarios" finished-at="2016-12-04T14:15:20Z">
          <params>
            <param index="0">
              <value>
                <![CDATA[ACHORIG-UC6]]>
              </value>
            </param>
            <param index="1">
              <value>
                <![CDATA[No]]>
              </value>
            </param>
          </params>
          <reporter-output>
          </reporter-output>
        </test-method> <!-- testScenarios -->
        <test-method status="SKIP" signature="testScenarios(java.lang.String, java.lang.String)[pri:0, instance:main.DeltaDriver@246ae04d]" name="testScenarios" duration-ms="0" started-at="2016-12-04T14:15:20Z" data-provider="getScenarios" finished-at="2016-12-04T14:15:20Z">
          <params>
            <param index="0">
              <value>
                <![CDATA[ACHORIG-UC4]]>
              </value>
            </param>
            <param index="1">
              <value>
                <![CDATA[No]]>
              </value>
            </param>
          </params>
          <reporter-output>
          </reporter-output>
        </test-method> <!-- testScenarios -->
        <test-method status="SKIP" signature="testScenarios(java.lang.String, java.lang.String)[pri:0, instance:main.DeltaDriver@246ae04d]" name="testScenarios" duration-ms="0" started-at="2016-12-04T14:15:20Z" data-provider="getScenarios" finished-at="2016-12-04T14:15:20Z">
          <params>
            <param index="0">
              <value>
                <![CDATA[ACHORIG-UC7]]>
              </value>
            </param>
            <param index="1">
              <value>
                <![CDATA[No]]>
              </value>
            </param>
          </params>
          <reporter-output>
          </reporter-output>
        </test-method> <!-- testScenarios -->
        <test-method status="SKIP" signature="testScenarios(java.lang.String, java.lang.String)[pri:0, instance:main.DeltaDriver@246ae04d]" name="testScenarios" duration-ms="0" started-at="2016-12-04T14:15:20Z" data-provider="getScenarios" finished-at="2016-12-04T14:15:20Z">
          <params>
            <param index="0">
              <value>
                <![CDATA[ACHORIG-UC5]]>
              </value>
            </param>
            <param index="1">
              <value>
                <![CDATA[No]]>
              </value>
            </param>
          </params>
          <reporter-output>
          </reporter-output>
        </test-method> <!-- testScenarios -->
        <test-method status="SKIP" signature="testScenarios(java.lang.String, java.lang.String)[pri:0, instance:main.DeltaDriver@246ae04d]" name="testScenarios" duration-ms="0" started-at="2016-12-04T14:15:20Z" data-provider="getScenarios" finished-at="2016-12-04T14:15:20Z">
          <params>
            <param index="0">
              <value>
                <![CDATA[ACHORIG-UC9]]>
              </value>
            </param>
            <param index="1">
              <value>
                <![CDATA[No]]>
              </value>
            </param>
          </params>
          <reporter-output>
          </reporter-output>
        </test-method> <!-- testScenarios -->
        <test-method status="SKIP" signature="testScenarios(java.lang.String, java.lang.String)[pri:0, instance:main.DeltaDriver@246ae04d]" name="testScenarios" duration-ms="0" started-at="2016-12-04T14:15:20Z" data-provider="getScenarios" finished-at="2016-12-04T14:15:20Z">
          <params>
            <param index="0">
              <value>
                <![CDATA[ACHORIG-UC10]]>
              </value>
            </param>
            <param index="1">
              <value>
                <![CDATA[No]]>
              </value>
            </param>
          </params>
          <reporter-output>
          </reporter-output>
        </test-method> <!-- testScenarios -->
        <test-method status="SKIP" signature="testScenarios(java.lang.String, java.lang.String)[pri:0, instance:main.DeltaDriver@246ae04d]" name="testScenarios" duration-ms="0" started-at="2016-12-04T14:15:20Z" data-provider="getScenarios" finished-at="2016-12-04T14:15:20Z">
          <params>
            <param index="0">
              <value>
                <![CDATA[ACHORIG-UC11]]>
              </value>
            </param>
            <param index="1">
              <value>
                <![CDATA[No]]>
              </value>
            </param>
          </params>
          <reporter-output>
          </reporter-output>
        </test-method> <!-- testScenarios -->
        <test-method status="SKIP" signature="testScenarios(java.lang.String, java.lang.String)[pri:0, instance:main.DeltaDriver@246ae04d]" name="testScenarios" duration-ms="0" started-at="2016-12-04T14:15:20Z" data-provider="getScenarios" finished-at="2016-12-04T14:15:20Z">
          <params>
            <param index="0">
              <value>
                <![CDATA[ACH-OLBB-UC2]]>
              </value>
            </param>
            <param index="1">
              <value>
                <![CDATA[Yes]]>
              </value>
            </param>
          </params>
          <reporter-output>
          </reporter-output>
        </test-method> <!-- testScenarios -->
        <test-method status="SKIP" signature="testScenarios(java.lang.String, java.lang.String)[pri:0, instance:main.DeltaDriver@246ae04d]" name="testScenarios" duration-ms="1" started-at="2016-12-04T14:15:20Z" data-provider="getScenarios" finished-at="2016-12-04T14:15:20Z">
          <params>
            <param index="0">
              <value>
                <![CDATA[Wires-UC1]]>
              </value>
            </param>
            <param index="1">
              <value>
                <![CDATA[Yes]]>
              </value>
            </param>
          </params>
          <reporter-output>
          </reporter-output>
        </test-method> <!-- testScenarios -->
        <test-method status="SKIP" signature="testScenarios(java.lang.String, java.lang.String)[pri:0, instance:main.DeltaDriver@246ae04d]" name="testScenarios" duration-ms="0" started-at="2016-12-04T14:15:20Z" data-provider="getScenarios" finished-at="2016-12-04T14:15:20Z">
          <params>
            <param index="0">
              <value>
                <![CDATA[ACH-OLBB-UC1]]>
              </value>
            </param>
            <param index="1">
              <value>
                <![CDATA[Yes]]>
              </value>
            </param>
          </params>
          <reporter-output>
          </reporter-output>
        </test-method> <!-- testScenarios -->
        <test-method status="SKIP" signature="testScenarios(java.lang.String, java.lang.String)[pri:0, instance:main.DeltaDriver@246ae04d]" name="testScenarios" duration-ms="0" started-at="2016-12-04T14:15:20Z" data-provider="getScenarios" finished-at="2016-12-04T14:15:20Z">
          <params>
            <param index="0">
              <value>
                <![CDATA[ACHORIG-UC12]]>
              </value>
            </param>
            <param index="1">
              <value>
                <![CDATA[No]]>
              </value>
            </param>
          </params>
          <reporter-output>
          </reporter-output>
        </test-method> <!-- testScenarios -->
        <test-method status="SKIP" signature="testScenarios(java.lang.String, java.lang.String)[pri:0, instance:main.DeltaDriver@246ae04d]" name="testScenarios" duration-ms="0" started-at="2016-12-04T14:15:20Z" data-provider="getScenarios" finished-at="2016-12-04T14:15:20Z">
          <params>
            <param index="0">
              <value>
                <![CDATA[Wires-UC4]]>
              </value>
            </param>
            <param index="1">
              <value>
                <![CDATA[Yes]]>
              </value>
            </param>
          </params>
          <reporter-output>
          </reporter-output>
        </test-method> <!-- testScenarios -->
        <test-method status="SKIP" signature="testScenarios(java.lang.String, java.lang.String)[pri:0, instance:main.DeltaDriver@246ae04d]" name="testScenarios" duration-ms="0" started-at="2016-12-04T14:15:20Z" data-provider="getScenarios" finished-at="2016-12-04T14:15:20Z">
          <params>
            <param index="0">
              <value>
                <![CDATA[Wires-UC2]]>
              </value>
            </param>
            <param index="1">
              <value>
                <![CDATA[Yes]]>
              </value>
            </param>
          </params>
          <reporter-output>
          </reporter-output>
        </test-method> <!-- testScenarios -->
        <test-method status="SKIP" signature="testScenarios(java.lang.String, java.lang.String)[pri:0, instance:main.DeltaDriver@246ae04d]" name="testScenarios" duration-ms="0" started-at="2016-12-04T14:15:20Z" data-provider="getScenarios" finished-at="2016-12-04T14:15:20Z">
          <params>
            <param index="0">
              <value>
                <![CDATA[Wires-UC3]]>
              </value>
            </param>
            <param index="1">
              <value>
                <![CDATA[Yes]]>
              </value>
            </param>
          </params>
          <reporter-output>
          </reporter-output>
        </test-method> <!-- testScenarios -->
        <test-method status="SKIP" signature="testScenarios(java.lang.String, java.lang.String)[pri:0, instance:main.DeltaDriver@246ae04d]" name="testScenarios" duration-ms="0" started-at="2016-12-04T14:15:20Z" data-provider="getScenarios" finished-at="2016-12-04T14:15:20Z">
          <params>
            <param index="0">
              <value>
                <![CDATA[Wholesale-UC1]]>
              </value>
            </param>
            <param index="1">
              <value>
                <![CDATA[Yes]]>
              </value>
            </param>
          </params>
          <reporter-output>
          </reporter-output>
        </test-method> <!-- testScenarios -->
        <test-method status="SKIP" signature="testScenarios(java.lang.String, java.lang.String)[pri:0, instance:main.DeltaDriver@246ae04d]" name="testScenarios" duration-ms="0" started-at="2016-12-04T14:15:20Z" data-provider="getScenarios" finished-at="2016-12-04T14:15:20Z">
          <params>
            <param index="0">
              <value>
                <![CDATA[ACH-Haries-UC2]]>
              </value>
            </param>
            <param index="1">
              <value>
                <![CDATA[Yes]]>
              </value>
            </param>
          </params>
          <reporter-output>
          </reporter-output>
        </test-method> <!-- testScenarios -->
        <test-method status="SKIP" signature="testScenarios(java.lang.String, java.lang.String)[pri:0, instance:main.DeltaDriver@246ae04d]" name="testScenarios" duration-ms="0" started-at="2016-12-04T14:15:20Z" data-provider="getScenarios" finished-at="2016-12-04T14:15:20Z">
          <params>
            <param index="0">
              <value>
                <![CDATA[RetailLockBox-UC1]]>
              </value>
            </param>
            <param index="1">
              <value>
                <![CDATA[Yes]]>
              </value>
            </param>
          </params>
          <reporter-output>
          </reporter-output>
        </test-method> <!-- testScenarios -->
        <test-method status="SKIP" signature="testScenarios(java.lang.String, java.lang.String)[pri:0, instance:main.DeltaDriver@246ae04d]" name="testScenarios" duration-ms="0" started-at="2016-12-04T14:15:20Z" data-provider="getScenarios" finished-at="2016-12-04T14:15:20Z">
          <params>
            <param index="0">
              <value>
                <![CDATA[ACH-Haries-UC1]]>
              </value>
            </param>
            <param index="1">
              <value>
                <![CDATA[Yes]]>
              </value>
            </param>
          </params>
          <reporter-output>
          </reporter-output>
        </test-method> <!-- testScenarios -->
        <test-method status="SKIP" signature="testScenarios(java.lang.String, java.lang.String)[pri:0, instance:main.DeltaDriver@246ae04d]" name="testScenarios" duration-ms="0" started-at="2016-12-04T14:15:20Z" data-provider="getScenarios" finished-at="2016-12-04T14:15:20Z">
          <params>
            <param index="0">
              <value>
                <![CDATA[Wholesale-UC2]]>
              </value>
            </param>
            <param index="1">
              <value>
                <![CDATA[Yes]]>
              </value>
            </param>
          </params>
          <reporter-output>
          </reporter-output>
        </test-method> <!-- testScenarios -->
        <test-method status="SKIP" signature="testScenarios(java.lang.String, java.lang.String)[pri:0, instance:main.DeltaDriver@246ae04d]" name="testScenarios" duration-ms="1" started-at="2016-12-04T14:15:20Z" data-provider="getScenarios" finished-at="2016-12-04T14:15:20Z">
          <params>
            <param index="0">
              <value>
                <![CDATA[ACH-FP-UC1]]>
              </value>
            </param>
            <param index="1">
              <value>
                <![CDATA[Yes]]>
              </value>
            </param>
          </params>
          <reporter-output>
          </reporter-output>
        </test-method> <!-- testScenarios -->
        <test-method status="SKIP" signature="testScenarios(java.lang.String, java.lang.String)[pri:0, instance:main.DeltaDriver@246ae04d]" name="testScenarios" duration-ms="0" started-at="2016-12-04T14:15:20Z" data-provider="getScenarios" finished-at="2016-12-04T14:15:20Z">
          <params>
            <param index="0">
              <value>
                <![CDATA[RetailLockBox-UC2]]>
              </value>
            </param>
            <param index="1">
              <value>
                <![CDATA[Yes]]>
              </value>
            </param>
          </params>
          <reporter-output>
          </reporter-output>
        </test-method> <!-- testScenarios -->
        <test-method status="SKIP" signature="testScenarios(java.lang.String, java.lang.String)[pri:0, instance:main.DeltaDriver@246ae04d]" name="testScenarios" duration-ms="0" started-at="2016-12-04T14:15:20Z" data-provider="getScenarios" finished-at="2016-12-04T14:15:20Z">
          <params>
            <param index="0">
              <value>
                <![CDATA[RetailImaging-UC1]]>
              </value>
            </param>
            <param index="1">
              <value>
                <![CDATA[Yes]]>
              </value>
            </param>
          </params>
          <reporter-output>
          </reporter-output>
        </test-method> <!-- testScenarios -->
        <test-method status="SKIP" signature="testScenarios(java.lang.String, java.lang.String)[pri:0, instance:main.DeltaDriver@246ae04d]" name="testScenarios" duration-ms="0" started-at="2016-12-04T14:15:20Z" data-provider="getScenarios" finished-at="2016-12-04T14:15:20Z">
          <params>
            <param index="0">
              <value>
                <![CDATA[RetailImaging-UC2]]>
              </value>
            </param>
            <param index="1">
              <value>
                <![CDATA[Yes]]>
              </value>
            </param>
          </params>
          <reporter-output>
          </reporter-output>
        </test-method> <!-- testScenarios -->
        <test-method status="SKIP" signature="testScenarios(java.lang.String, java.lang.String)[pri:0, instance:main.DeltaDriver@246ae04d]" name="testScenarios" duration-ms="0" started-at="2016-12-04T14:15:20Z" data-provider="getScenarios" finished-at="2016-12-04T14:15:20Z">
          <params>
            <param index="0">
              <value>
                <![CDATA[ACH-FP-UC5]]>
              </value>
            </param>
            <param index="1">
              <value>
                <![CDATA[Yes]]>
              </value>
            </param>
          </params>
          <reporter-output>
          </reporter-output>
        </test-method> <!-- testScenarios -->
        <test-method status="SKIP" signature="testScenarios(java.lang.String, java.lang.String)[pri:0, instance:main.DeltaDriver@246ae04d]" name="testScenarios" duration-ms="0" started-at="2016-12-04T14:15:20Z" data-provider="getScenarios" finished-at="2016-12-04T14:15:20Z">
          <params>
            <param index="0">
              <value>
                <![CDATA[ACH-FP-UC4]]>
              </value>
            </param>
            <param index="1">
              <value>
                <![CDATA[Yes]]>
              </value>
            </param>
          </params>
          <reporter-output>
          </reporter-output>
        </test-method> <!-- testScenarios -->
        <test-method status="SKIP" signature="testScenarios(java.lang.String, java.lang.String)[pri:0, instance:main.DeltaDriver@246ae04d]" name="testScenarios" duration-ms="0" started-at="2016-12-04T14:15:20Z" data-provider="getScenarios" finished-at="2016-12-04T14:15:20Z">
          <params>
            <param index="0">
              <value>
                <![CDATA[ACH-FP-UC3]]>
              </value>
            </param>
            <param index="1">
              <value>
                <![CDATA[Yes]]>
              </value>
            </param>
          </params>
          <reporter-output>
          </reporter-output>
        </test-method> <!-- testScenarios -->
        <test-method status="SKIP" signature="testScenarios(java.lang.String, java.lang.String)[pri:0, instance:main.DeltaDriver@246ae04d]" name="testScenarios" duration-ms="0" started-at="2016-12-04T14:15:20Z" data-provider="getScenarios" finished-at="2016-12-04T14:15:20Z">
          <params>
            <param index="0">
              <value>
                <![CDATA[ACH-FP-UC2]]>
              </value>
            </param>
            <param index="1">
              <value>
                <![CDATA[Yes]]>
              </value>
            </param>
          </params>
          <reporter-output>
          </reporter-output>
        </test-method> <!-- testScenarios -->
        <test-method status="SKIP" signature="testScenarios(java.lang.String, java.lang.String)[pri:0, instance:main.DeltaDriver@246ae04d]" name="testScenarios" duration-ms="0" started-at="2016-12-04T14:15:20Z" data-provider="getScenarios" finished-at="2016-12-04T14:15:20Z">
          <params>
            <param index="0">
              <value>
                <![CDATA[OLBB-UC2]]>
              </value>
            </param>
            <param index="1">
              <value>
                <![CDATA[Yes]]>
              </value>
            </param>
          </params>
          <reporter-output>
          </reporter-output>
        </test-method> <!-- testScenarios -->
        <test-method status="SKIP" signature="testScenarios(java.lang.String, java.lang.String)[pri:0, instance:main.DeltaDriver@246ae04d]" name="testScenarios" duration-ms="0" started-at="2016-12-04T14:15:20Z" data-provider="getScenarios" finished-at="2016-12-04T14:15:20Z">
          <params>
            <param index="0">
              <value>
                <![CDATA[OLBB-UC1]]>
              </value>
            </param>
            <param index="1">
              <value>
                <![CDATA[Yes]]>
              </value>
            </param>
          </params>
          <reporter-output>
          </reporter-output>
        </test-method> <!-- testScenarios -->
        <test-method status="SKIP" signature="testScenarios(java.lang.String, java.lang.String)[pri:0, instance:main.DeltaDriver@246ae04d]" name="testScenarios" duration-ms="0" started-at="2016-12-04T14:15:20Z" data-provider="getScenarios" finished-at="2016-12-04T14:15:20Z">
          <params>
            <param index="0">
              <value>
                <![CDATA[OLBB-UC3]]>
              </value>
            </param>
            <param index="1">
              <value>
                <![CDATA[Yes]]>
              </value>
            </param>
          </params>
          <reporter-output>
          </reporter-output>
        </test-method> <!-- testScenarios -->
        <test-method status="SKIP" signature="testScenarios(java.lang.String, java.lang.String)[pri:0, instance:main.DeltaDriver@246ae04d]" name="testScenarios" duration-ms="0" started-at="2016-12-04T14:15:20Z" data-provider="getScenarios" finished-at="2016-12-04T14:15:20Z">
          <params>
            <param index="0">
              <value>
                <![CDATA[OLBB-UC4]]>
              </value>
            </param>
            <param index="1">
              <value>
                <![CDATA[Yes]]>
              </value>
            </param>
          </params>
          <reporter-output>
          </reporter-output>
        </test-method> <!-- testScenarios -->
        <test-method status="SKIP" signature="testScenarios(java.lang.String, java.lang.String)[pri:0, instance:main.DeltaDriver@246ae04d]" name="testScenarios" duration-ms="0" started-at="2016-12-04T14:15:20Z" data-provider="getScenarios" finished-at="2016-12-04T14:15:20Z">
          <params>
            <param index="0">
              <value>
                <![CDATA[OLBB-UC5]]>
              </value>
            </param>
            <param index="1">
              <value>
                <![CDATA[Yes]]>
              </value>
            </param>
          </params>
          <reporter-output>
          </reporter-output>
        </test-method> <!-- testScenarios -->
        <test-method status="SKIP" signature="testScenarios(java.lang.String, java.lang.String)[pri:0, instance:main.DeltaDriver@246ae04d]" name="testScenarios" duration-ms="0" started-at="2016-12-04T14:15:20Z" data-provider="getScenarios" finished-at="2016-12-04T14:15:20Z">
          <params>
            <param index="0">
              <value>
                <![CDATA[OLBB-UC8]]>
              </value>
            </param>
            <param index="1">
              <value>
                <![CDATA[Yes]]>
              </value>
            </param>
          </params>
          <reporter-output>
          </reporter-output>
        </test-method> <!-- testScenarios -->
        <test-method status="SKIP" signature="testScenarios(java.lang.String, java.lang.String)[pri:0, instance:main.DeltaDriver@246ae04d]" name="testScenarios" duration-ms="0" started-at="2016-12-04T14:15:20Z" data-provider="getScenarios" finished-at="2016-12-04T14:15:20Z">
          <params>
            <param index="0">
              <value>
                <![CDATA[OLBB-UC6]]>
              </value>
            </param>
            <param index="1">
              <value>
                <![CDATA[Yes]]>
              </value>
            </param>
          </params>
          <reporter-output>
          </reporter-output>
        </test-method> <!-- testScenarios -->
        <test-method status="SKIP" signature="testScenarios(java.lang.String, java.lang.String)[pri:0, instance:main.DeltaDriver@246ae04d]" name="testScenarios" duration-ms="0" started-at="2016-12-04T14:15:20Z" data-provider="getScenarios" finished-at="2016-12-04T14:15:20Z">
          <params>
            <param index="0">
              <value>
                <![CDATA[OLBB-UC7]]>
              </value>
            </param>
            <param index="1">
              <value>
                <![CDATA[Yes]]>
              </value>
            </param>
          </params>
          <reporter-output>
          </reporter-output>
        </test-method> <!-- testScenarios -->
        <test-method status="SKIP" signature="testScenarios(java.lang.String, java.lang.String)[pri:0, instance:main.DeltaDriver@246ae04d]" name="testScenarios" duration-ms="0" started-at="2016-12-04T14:15:20Z" data-provider="getScenarios" finished-at="2016-12-04T14:15:20Z">
          <params>
            <param index="0">
              <value>
                <![CDATA[OLBB-UC9]]>
              </value>
            </param>
            <param index="1">
              <value>
                <![CDATA[Yes]]>
              </value>
            </param>
          </params>
          <reporter-output>
          </reporter-output>
        </test-method> <!-- testScenarios -->
        <test-method status="SKIP" signature="endFrameWork()[pri:0, instance:main.DeltaDriver@246ae04d]" name="endFrameWork" is-config="true" duration-ms="0" started-at="2016-12-04T14:15:21Z" finished-at="2016-12-04T14:15:21Z">
          <reporter-output>
          </reporter-output>
        </test-method> <!-- endFrameWork -->
      </class> <!-- main.DeltaDriver -->
    </test> <!-- Test -->
  </suite> <!-- Suite -->
</testng-results>
