<?xml version="1.0" encoding="UTF-8"?>
<testng-results skipped="47" failed="0" total="47" passed="0">
  <reporter-output>
  </reporter-output>
  <suite name="Default suite" duration-ms="4143" started-at="2016-12-05T05:16:33Z" finished-at="2016-12-05T05:16:37Z">
    <groups>
    </groups>
    <test name="Default test" duration-ms="4143" started-at="2016-12-05T05:16:33Z" finished-at="2016-12-05T05:16:37Z">
      <class name="main.DeltaDriver">
        <test-method status="PASS" signature="initFrameWork()[pri:0, instance:main.DeltaDriver@5bcab519]" name="initFrameWork" is-config="true" duration-ms="121" started-at="2016-12-05T10:46:33Z" finished-at="2016-12-05T10:46:33Z">
          <reporter-output>
          </reporter-output>
        </test-method> <!-- initFrameWork -->
        <test-method status="FAIL" signature="open()[pri:0, instance:main.DeltaDriver@5bcab519]" name="open" is-config="true" duration-ms="0" started-at="2016-12-05T10:46:33Z" finished-at="2016-12-05T10:46:33Z">
          <exception class="org.openqa.selenium.WebDriverException">
            <message>
              <![CDATA[Invalid username or password (WARNING: The server did not provide any stacktrace information)
Command duration or timeout: 1.71 seconds
Build info: version: '2.53.0', revision: '35ae25b', time: '2016-03-15 17:00:58'
System info: host: 'SandeepDell', ip: '192.168.22.65', os.name: 'Windows 10', os.arch: 'amd64', os.version: '10.0', java.version: '1.8.0_101'
Driver info: org.openqa.selenium.remote.RemoteWebDriver]]>
            </message>
            <full-stacktrace>
              <![CDATA[org.openqa.selenium.WebDriverException: Invalid username or password (WARNING: The server did not provide any stacktrace information)
Command duration or timeout: 1.71 seconds
Build info: version: '2.53.0', revision: '35ae25b', time: '2016-03-15 17:00:58'
System info: host: 'SandeepDell', ip: '192.168.22.65', os.name: 'Windows 10', os.arch: 'amd64', os.version: '10.0', java.version: '1.8.0_101'
Driver info: org.openqa.selenium.remote.RemoteWebDriver
	at sun.reflect.NativeConstructorAccessorImpl.newInstance0(Native Method)
	at sun.reflect.NativeConstructorAccessorImpl.newInstance(Unknown Source)
	at sun.reflect.DelegatingConstructorAccessorImpl.newInstance(Unknown Source)
	at java.lang.reflect.Constructor.newInstance(Unknown Source)
	at org.openqa.selenium.remote.ErrorHandler.createThrowable(ErrorHandler.java:206)
	at org.openqa.selenium.remote.ErrorHandler.throwIfResponseFailed(ErrorHandler.java:158)
	at org.openqa.selenium.remote.RemoteWebDriver.execute(RemoteWebDriver.java:678)
	at org.openqa.selenium.remote.RemoteWebDriver.startSession(RemoteWebDriver.java:249)
	at org.openqa.selenium.remote.RemoteWebDriver.<init>(RemoteWebDriver.java:131)
	at org.openqa.selenium.remote.RemoteWebDriver.<init>(RemoteWebDriver.java:158)
	at main.DeltaDriver.open(DeltaDriver.java:54)
	at sun.reflect.NativeMethodAccessorImpl.invoke0(Native Method)
	at sun.reflect.NativeMethodAccessorImpl.invoke(Unknown Source)
	at sun.reflect.DelegatingMethodAccessorImpl.invoke(Unknown Source)
	at java.lang.reflect.Method.invoke(Unknown Source)
	at org.testng.internal.MethodInvocationHelper.invokeMethod(MethodInvocationHelper.java:100)
	at org.testng.internal.Invoker.invokeConfigurationMethod(Invoker.java:515)
	at org.testng.internal.Invoker.invokeConfigurations(Invoker.java:216)
	at org.testng.internal.Invoker.invokeConfigurations(Invoker.java:143)
	at org.testng.internal.TestMethodWorker.invokeBeforeClassMethods(TestMethodWorker.java:169)
	at org.testng.internal.TestMethodWorker.run(TestMethodWorker.java:108)
	at org.testng.TestRunner.privateRun(TestRunner.java:746)
	at org.testng.TestRunner.run(TestRunner.java:600)
	at org.testng.SuiteRunner.runTest(SuiteRunner.java:366)
	at org.testng.SuiteRunner.runSequentially(SuiteRunner.java:361)
	at org.testng.SuiteRunner.privateRun(SuiteRunner.java:319)
	at org.testng.SuiteRunner.run(SuiteRunner.java:268)
	at org.testng.SuiteRunnerWorker.runSuite(SuiteRunnerWorker.java:52)
	at org.testng.SuiteRunnerWorker.run(SuiteRunnerWorker.java:86)
	at org.testng.TestNG.runSuitesSequentially(TestNG.java:1264)
	at org.testng.TestNG.runSuitesLocally(TestNG.java:1189)
	at org.testng.TestNG.runSuites(TestNG.java:1104)
	at org.testng.TestNG.run(TestNG.java:1076)
	at org.testng.remote.AbstractRemoteTestNG.run(AbstractRemoteTestNG.java:126)
	at org.testng.remote.RemoteTestNG.initAndRun(RemoteTestNG.java:152)
	at org.testng.remote.RemoteTestNG.main(RemoteTestNG.java:57)
]]>
            </full-stacktrace>
          </exception> <!-- org.openqa.selenium.WebDriverException -->
          <reporter-output>
          </reporter-output>
        </test-method> <!-- open -->
        <test-method status="SKIP" signature="testScenarios(java.lang.String, java.lang.String)[pri:0, instance:main.DeltaDriver@5bcab519]" name="testScenarios" duration-ms="1" started-at="2016-12-05T10:46:37Z" data-provider="getScenarios" finished-at="2016-12-05T10:46:37Z">
          <params>
            <param index="0">
              <value>
                <![CDATA[Login]]>
              </value>
            </param>
            <param index="1">
              <value>
                <![CDATA[Yes]]>
              </value>
            </param>
          </params>
          <reporter-output>
          </reporter-output>
        </test-method> <!-- testScenarios -->
        <test-method status="SKIP" signature="testScenarios(java.lang.String, java.lang.String)[pri:0, instance:main.DeltaDriver@5bcab519]" name="testScenarios" duration-ms="4" started-at="2016-12-05T10:46:37Z" data-provider="getScenarios" finished-at="2016-12-05T10:46:37Z">
          <params>
            <param index="0">
              <value>
                <![CDATA[Vicor-UC1]]>
              </value>
            </param>
            <param index="1">
              <value>
                <![CDATA[Yes]]>
              </value>
            </param>
          </params>
          <reporter-output>
          </reporter-output>
        </test-method> <!-- testScenarios -->
        <test-method status="SKIP" signature="testScenarios(java.lang.String, java.lang.String)[pri:0, instance:main.DeltaDriver@5bcab519]" name="testScenarios" duration-ms="1" started-at="2016-12-05T10:46:37Z" data-provider="getScenarios" finished-at="2016-12-05T10:46:37Z">
          <params>
            <param index="0">
              <value>
                <![CDATA[Vicor-UC2]]>
              </value>
            </param>
            <param index="1">
              <value>
                <![CDATA[Yes]]>
              </value>
            </param>
          </params>
          <reporter-output>
          </reporter-output>
        </test-method> <!-- testScenarios -->
        <test-method status="SKIP" signature="testScenarios(java.lang.String, java.lang.String)[pri:0, instance:main.DeltaDriver@5bcab519]" name="testScenarios" duration-ms="3" started-at="2016-12-05T10:46:37Z" data-provider="getScenarios" finished-at="2016-12-05T10:46:37Z">
          <params>
            <param index="0">
              <value>
                <![CDATA[Vicor-UC3]]>
              </value>
            </param>
            <param index="1">
              <value>
                <![CDATA[Yes]]>
              </value>
            </param>
          </params>
          <reporter-output>
          </reporter-output>
        </test-method> <!-- testScenarios -->
        <test-method status="SKIP" signature="testScenarios(java.lang.String, java.lang.String)[pri:0, instance:main.DeltaDriver@5bcab519]" name="testScenarios" duration-ms="3" started-at="2016-12-05T10:46:37Z" data-provider="getScenarios" finished-at="2016-12-05T10:46:37Z">
          <params>
            <param index="0">
              <value>
                <![CDATA[Vicor-UC4]]>
              </value>
            </param>
            <param index="1">
              <value>
                <![CDATA[Yes]]>
              </value>
            </param>
          </params>
          <reporter-output>
          </reporter-output>
        </test-method> <!-- testScenarios -->
        <test-method status="SKIP" signature="testScenarios(java.lang.String, java.lang.String)[pri:0, instance:main.DeltaDriver@5bcab519]" name="testScenarios" duration-ms="2" started-at="2016-12-05T10:46:37Z" data-provider="getScenarios" finished-at="2016-12-05T10:46:37Z">
          <params>
            <param index="0">
              <value>
                <![CDATA[Vicor-UC5]]>
              </value>
            </param>
            <param index="1">
              <value>
                <![CDATA[Yes]]>
              </value>
            </param>
          </params>
          <reporter-output>
          </reporter-output>
        </test-method> <!-- testScenarios -->
        <test-method status="SKIP" signature="testScenarios(java.lang.String, java.lang.String)[pri:0, instance:main.DeltaDriver@5bcab519]" name="testScenarios" duration-ms="1" started-at="2016-12-05T10:46:37Z" data-provider="getScenarios" finished-at="2016-12-05T10:46:37Z">
          <params>
            <param index="0">
              <value>
                <![CDATA[Vicor-UC6]]>
              </value>
            </param>
            <param index="1">
              <value>
                <![CDATA[Yes]]>
              </value>
            </param>
          </params>
          <reporter-output>
          </reporter-output>
        </test-method> <!-- testScenarios -->
        <test-method status="SKIP" signature="testScenarios(java.lang.String, java.lang.String)[pri:0, instance:main.DeltaDriver@5bcab519]" name="testScenarios" duration-ms="2" started-at="2016-12-05T10:46:37Z" data-provider="getScenarios" finished-at="2016-12-05T10:46:37Z">
          <params>
            <param index="0">
              <value>
                <![CDATA[ACHORIG-UC1]]>
              </value>
            </param>
            <param index="1">
              <value>
                <![CDATA[No]]>
              </value>
            </param>
          </params>
          <reporter-output>
          </reporter-output>
        </test-method> <!-- testScenarios -->
        <test-method status="SKIP" signature="testScenarios(java.lang.String, java.lang.String)[pri:0, instance:main.DeltaDriver@5bcab519]" name="testScenarios" duration-ms="2" started-at="2016-12-05T10:46:37Z" data-provider="getScenarios" finished-at="2016-12-05T10:46:37Z">
          <params>
            <param index="0">
              <value>
                <![CDATA[ACHORIG-UC2]]>
              </value>
            </param>
            <param index="1">
              <value>
                <![CDATA[No]]>
              </value>
            </param>
          </params>
          <reporter-output>
          </reporter-output>
        </test-method> <!-- testScenarios -->
        <test-method status="SKIP" signature="testScenarios(java.lang.String, java.lang.String)[pri:0, instance:main.DeltaDriver@5bcab519]" name="testScenarios" duration-ms="1" started-at="2016-12-05T10:46:37Z" data-provider="getScenarios" finished-at="2016-12-05T10:46:37Z">
          <params>
            <param index="0">
              <value>
                <![CDATA[ACHORIG-UC3]]>
              </value>
            </param>
            <param index="1">
              <value>
                <![CDATA[No]]>
              </value>
            </param>
          </params>
          <reporter-output>
          </reporter-output>
        </test-method> <!-- testScenarios -->
        <test-method status="SKIP" signature="testScenarios(java.lang.String, java.lang.String)[pri:0, instance:main.DeltaDriver@5bcab519]" name="testScenarios" duration-ms="2" started-at="2016-12-05T10:46:37Z" data-provider="getScenarios" finished-at="2016-12-05T10:46:37Z">
          <params>
            <param index="0">
              <value>
                <![CDATA[ACHORIG-UC4]]>
              </value>
            </param>
            <param index="1">
              <value>
                <![CDATA[No]]>
              </value>
            </param>
          </params>
          <reporter-output>
          </reporter-output>
        </test-method> <!-- testScenarios -->
        <test-method status="SKIP" signature="testScenarios(java.lang.String, java.lang.String)[pri:0, instance:main.DeltaDriver@5bcab519]" name="testScenarios" duration-ms="2" started-at="2016-12-05T10:46:37Z" data-provider="getScenarios" finished-at="2016-12-05T10:46:37Z">
          <params>
            <param index="0">
              <value>
                <![CDATA[ACHORIG-UC5]]>
              </value>
            </param>
            <param index="1">
              <value>
                <![CDATA[No]]>
              </value>
            </param>
          </params>
          <reporter-output>
          </reporter-output>
        </test-method> <!-- testScenarios -->
        <test-method status="SKIP" signature="testScenarios(java.lang.String, java.lang.String)[pri:0, instance:main.DeltaDriver@5bcab519]" name="testScenarios" duration-ms="2" started-at="2016-12-05T10:46:37Z" data-provider="getScenarios" finished-at="2016-12-05T10:46:37Z">
          <params>
            <param index="0">
              <value>
                <![CDATA[ACHORIG-UC6]]>
              </value>
            </param>
            <param index="1">
              <value>
                <![CDATA[No]]>
              </value>
            </param>
          </params>
          <reporter-output>
          </reporter-output>
        </test-method> <!-- testScenarios -->
        <test-method status="SKIP" signature="testScenarios(java.lang.String, java.lang.String)[pri:0, instance:main.DeltaDriver@5bcab519]" name="testScenarios" duration-ms="2" started-at="2016-12-05T10:46:37Z" data-provider="getScenarios" finished-at="2016-12-05T10:46:37Z">
          <params>
            <param index="0">
              <value>
                <![CDATA[ACHORIG-UC7]]>
              </value>
            </param>
            <param index="1">
              <value>
                <![CDATA[No]]>
              </value>
            </param>
          </params>
          <reporter-output>
          </reporter-output>
        </test-method> <!-- testScenarios -->
        <test-method status="SKIP" signature="testScenarios(java.lang.String, java.lang.String)[pri:0, instance:main.DeltaDriver@5bcab519]" name="testScenarios" duration-ms="1" started-at="2016-12-05T10:46:37Z" data-provider="getScenarios" finished-at="2016-12-05T10:46:37Z">
          <params>
            <param index="0">
              <value>
                <![CDATA[ACHORIG-UC8]]>
              </value>
            </param>
            <param index="1">
              <value>
                <![CDATA[No]]>
              </value>
            </param>
          </params>
          <reporter-output>
          </reporter-output>
        </test-method> <!-- testScenarios -->
        <test-method status="SKIP" signature="testScenarios(java.lang.String, java.lang.String)[pri:0, instance:main.DeltaDriver@5bcab519]" name="testScenarios" duration-ms="1" started-at="2016-12-05T10:46:37Z" data-provider="getScenarios" finished-at="2016-12-05T10:46:37Z">
          <params>
            <param index="0">
              <value>
                <![CDATA[ACHORIG-UC9]]>
              </value>
            </param>
            <param index="1">
              <value>
                <![CDATA[No]]>
              </value>
            </param>
          </params>
          <reporter-output>
          </reporter-output>
        </test-method> <!-- testScenarios -->
        <test-method status="SKIP" signature="testScenarios(java.lang.String, java.lang.String)[pri:0, instance:main.DeltaDriver@5bcab519]" name="testScenarios" duration-ms="2" started-at="2016-12-05T10:46:37Z" data-provider="getScenarios" finished-at="2016-12-05T10:46:37Z">
          <params>
            <param index="0">
              <value>
                <![CDATA[ACHORIG-UC10]]>
              </value>
            </param>
            <param index="1">
              <value>
                <![CDATA[No]]>
              </value>
            </param>
          </params>
          <reporter-output>
          </reporter-output>
        </test-method> <!-- testScenarios -->
        <test-method status="SKIP" signature="testScenarios(java.lang.String, java.lang.String)[pri:0, instance:main.DeltaDriver@5bcab519]" name="testScenarios" duration-ms="0" started-at="2016-12-05T10:46:37Z" data-provider="getScenarios" finished-at="2016-12-05T10:46:37Z">
          <params>
            <param index="0">
              <value>
                <![CDATA[ACHORIG-UC11]]>
              </value>
            </param>
            <param index="1">
              <value>
                <![CDATA[No]]>
              </value>
            </param>
          </params>
          <reporter-output>
          </reporter-output>
        </test-method> <!-- testScenarios -->
        <test-method status="SKIP" signature="testScenarios(java.lang.String, java.lang.String)[pri:0, instance:main.DeltaDriver@5bcab519]" name="testScenarios" duration-ms="1" started-at="2016-12-05T10:46:37Z" data-provider="getScenarios" finished-at="2016-12-05T10:46:37Z">
          <params>
            <param index="0">
              <value>
                <![CDATA[ACHORIG-UC12]]>
              </value>
            </param>
            <param index="1">
              <value>
                <![CDATA[No]]>
              </value>
            </param>
          </params>
          <reporter-output>
          </reporter-output>
        </test-method> <!-- testScenarios -->
        <test-method status="SKIP" signature="testScenarios(java.lang.String, java.lang.String)[pri:0, instance:main.DeltaDriver@5bcab519]" name="testScenarios" duration-ms="1" started-at="2016-12-05T10:46:37Z" data-provider="getScenarios" finished-at="2016-12-05T10:46:37Z">
          <params>
            <param index="0">
              <value>
                <![CDATA[ACH-OLBB-UC1]]>
              </value>
            </param>
            <param index="1">
              <value>
                <![CDATA[Yes]]>
              </value>
            </param>
          </params>
          <reporter-output>
          </reporter-output>
        </test-method> <!-- testScenarios -->
        <test-method status="SKIP" signature="testScenarios(java.lang.String, java.lang.String)[pri:0, instance:main.DeltaDriver@5bcab519]" name="testScenarios" duration-ms="2" started-at="2016-12-05T10:46:37Z" data-provider="getScenarios" finished-at="2016-12-05T10:46:37Z">
          <params>
            <param index="0">
              <value>
                <![CDATA[ACH-OLBB-UC2]]>
              </value>
            </param>
            <param index="1">
              <value>
                <![CDATA[Yes]]>
              </value>
            </param>
          </params>
          <reporter-output>
          </reporter-output>
        </test-method> <!-- testScenarios -->
        <test-method status="SKIP" signature="testScenarios(java.lang.String, java.lang.String)[pri:0, instance:main.DeltaDriver@5bcab519]" name="testScenarios" duration-ms="0" started-at="2016-12-05T10:46:37Z" data-provider="getScenarios" finished-at="2016-12-05T10:46:37Z">
          <params>
            <param index="0">
              <value>
                <![CDATA[Wires-UC1]]>
              </value>
            </param>
            <param index="1">
              <value>
                <![CDATA[Yes]]>
              </value>
            </param>
          </params>
          <reporter-output>
          </reporter-output>
        </test-method> <!-- testScenarios -->
        <test-method status="SKIP" signature="testScenarios(java.lang.String, java.lang.String)[pri:0, instance:main.DeltaDriver@5bcab519]" name="testScenarios" duration-ms="1" started-at="2016-12-05T10:46:37Z" data-provider="getScenarios" finished-at="2016-12-05T10:46:37Z">
          <params>
            <param index="0">
              <value>
                <![CDATA[Wires-UC2]]>
              </value>
            </param>
            <param index="1">
              <value>
                <![CDATA[Yes]]>
              </value>
            </param>
          </params>
          <reporter-output>
          </reporter-output>
        </test-method> <!-- testScenarios -->
        <test-method status="SKIP" signature="testScenarios(java.lang.String, java.lang.String)[pri:0, instance:main.DeltaDriver@5bcab519]" name="testScenarios" duration-ms="1" started-at="2016-12-05T10:46:37Z" data-provider="getScenarios" finished-at="2016-12-05T10:46:37Z">
          <params>
            <param index="0">
              <value>
                <![CDATA[Wires-UC3]]>
              </value>
            </param>
            <param index="1">
              <value>
                <![CDATA[Yes]]>
              </value>
            </param>
          </params>
          <reporter-output>
          </reporter-output>
        </test-method> <!-- testScenarios -->
        <test-method status="SKIP" signature="testScenarios(java.lang.String, java.lang.String)[pri:0, instance:main.DeltaDriver@5bcab519]" name="testScenarios" duration-ms="2" started-at="2016-12-05T10:46:37Z" data-provider="getScenarios" finished-at="2016-12-05T10:46:37Z">
          <params>
            <param index="0">
              <value>
                <![CDATA[Wires-UC4]]>
              </value>
            </param>
            <param index="1">
              <value>
                <![CDATA[Yes]]>
              </value>
            </param>
          </params>
          <reporter-output>
          </reporter-output>
        </test-method> <!-- testScenarios -->
        <test-method status="SKIP" signature="testScenarios(java.lang.String, java.lang.String)[pri:0, instance:main.DeltaDriver@5bcab519]" name="testScenarios" duration-ms="3" started-at="2016-12-05T10:46:37Z" data-provider="getScenarios" finished-at="2016-12-05T10:46:37Z">
          <params>
            <param index="0">
              <value>
                <![CDATA[Wholesale-UC1]]>
              </value>
            </param>
            <param index="1">
              <value>
                <![CDATA[Yes]]>
              </value>
            </param>
          </params>
          <reporter-output>
          </reporter-output>
        </test-method> <!-- testScenarios -->
        <test-method status="SKIP" signature="testScenarios(java.lang.String, java.lang.String)[pri:0, instance:main.DeltaDriver@5bcab519]" name="testScenarios" duration-ms="2" started-at="2016-12-05T10:46:37Z" data-provider="getScenarios" finished-at="2016-12-05T10:46:37Z">
          <params>
            <param index="0">
              <value>
                <![CDATA[Wholesale-UC2]]>
              </value>
            </param>
            <param index="1">
              <value>
                <![CDATA[Yes]]>
              </value>
            </param>
          </params>
          <reporter-output>
          </reporter-output>
        </test-method> <!-- testScenarios -->
        <test-method status="SKIP" signature="testScenarios(java.lang.String, java.lang.String)[pri:0, instance:main.DeltaDriver@5bcab519]" name="testScenarios" duration-ms="1" started-at="2016-12-05T10:46:37Z" data-provider="getScenarios" finished-at="2016-12-05T10:46:37Z">
          <params>
            <param index="0">
              <value>
                <![CDATA[ACH-Haries-UC1]]>
              </value>
            </param>
            <param index="1">
              <value>
                <![CDATA[Yes]]>
              </value>
            </param>
          </params>
          <reporter-output>
          </reporter-output>
        </test-method> <!-- testScenarios -->
        <test-method status="SKIP" signature="testScenarios(java.lang.String, java.lang.String)[pri:0, instance:main.DeltaDriver@5bcab519]" name="testScenarios" duration-ms="3" started-at="2016-12-05T10:46:37Z" data-provider="getScenarios" finished-at="2016-12-05T10:46:37Z">
          <params>
            <param index="0">
              <value>
                <![CDATA[ACH-Haries-UC2]]>
              </value>
            </param>
            <param index="1">
              <value>
                <![CDATA[Yes]]>
              </value>
            </param>
          </params>
          <reporter-output>
          </reporter-output>
        </test-method> <!-- testScenarios -->
        <test-method status="SKIP" signature="testScenarios(java.lang.String, java.lang.String)[pri:0, instance:main.DeltaDriver@5bcab519]" name="testScenarios" duration-ms="1" started-at="2016-12-05T10:46:37Z" data-provider="getScenarios" finished-at="2016-12-05T10:46:37Z">
          <params>
            <param index="0">
              <value>
                <![CDATA[RetailLockBox-UC1]]>
              </value>
            </param>
            <param index="1">
              <value>
                <![CDATA[Yes]]>
              </value>
            </param>
          </params>
          <reporter-output>
          </reporter-output>
        </test-method> <!-- testScenarios -->
        <test-method status="SKIP" signature="testScenarios(java.lang.String, java.lang.String)[pri:0, instance:main.DeltaDriver@5bcab519]" name="testScenarios" duration-ms="1" started-at="2016-12-05T10:46:37Z" data-provider="getScenarios" finished-at="2016-12-05T10:46:37Z">
          <params>
            <param index="0">
              <value>
                <![CDATA[RetailLockBox-UC2]]>
              </value>
            </param>
            <param index="1">
              <value>
                <![CDATA[Yes]]>
              </value>
            </param>
          </params>
          <reporter-output>
          </reporter-output>
        </test-method> <!-- testScenarios -->
        <test-method status="SKIP" signature="testScenarios(java.lang.String, java.lang.String)[pri:0, instance:main.DeltaDriver@5bcab519]" name="testScenarios" duration-ms="2" started-at="2016-12-05T10:46:37Z" data-provider="getScenarios" finished-at="2016-12-05T10:46:37Z">
          <params>
            <param index="0">
              <value>
                <![CDATA[RetailImaging-UC1]]>
              </value>
            </param>
            <param index="1">
              <value>
                <![CDATA[Yes]]>
              </value>
            </param>
          </params>
          <reporter-output>
          </reporter-output>
        </test-method> <!-- testScenarios -->
        <test-method status="SKIP" signature="testScenarios(java.lang.String, java.lang.String)[pri:0, instance:main.DeltaDriver@5bcab519]" name="testScenarios" duration-ms="1" started-at="2016-12-05T10:46:37Z" data-provider="getScenarios" finished-at="2016-12-05T10:46:37Z">
          <params>
            <param index="0">
              <value>
                <![CDATA[RetailImaging-UC2]]>
              </value>
            </param>
            <param index="1">
              <value>
                <![CDATA[Yes]]>
              </value>
            </param>
          </params>
          <reporter-output>
          </reporter-output>
        </test-method> <!-- testScenarios -->
        <test-method status="SKIP" signature="testScenarios(java.lang.String, java.lang.String)[pri:0, instance:main.DeltaDriver@5bcab519]" name="testScenarios" duration-ms="0" started-at="2016-12-05T10:46:37Z" data-provider="getScenarios" finished-at="2016-12-05T10:46:37Z">
          <params>
            <param index="0">
              <value>
                <![CDATA[ACH-FP-UC1]]>
              </value>
            </param>
            <param index="1">
              <value>
                <![CDATA[Yes]]>
              </value>
            </param>
          </params>
          <reporter-output>
          </reporter-output>
        </test-method> <!-- testScenarios -->
        <test-method status="SKIP" signature="testScenarios(java.lang.String, java.lang.String)[pri:0, instance:main.DeltaDriver@5bcab519]" name="testScenarios" duration-ms="1" started-at="2016-12-05T10:46:37Z" data-provider="getScenarios" finished-at="2016-12-05T10:46:37Z">
          <params>
            <param index="0">
              <value>
                <![CDATA[ACH-FP-UC2]]>
              </value>
            </param>
            <param index="1">
              <value>
                <![CDATA[Yes]]>
              </value>
            </param>
          </params>
          <reporter-output>
          </reporter-output>
        </test-method> <!-- testScenarios -->
        <test-method status="SKIP" signature="testScenarios(java.lang.String, java.lang.String)[pri:0, instance:main.DeltaDriver@5bcab519]" name="testScenarios" duration-ms="1" started-at="2016-12-05T10:46:37Z" data-provider="getScenarios" finished-at="2016-12-05T10:46:37Z">
          <params>
            <param index="0">
              <value>
                <![CDATA[ACH-FP-UC3]]>
              </value>
            </param>
            <param index="1">
              <value>
                <![CDATA[Yes]]>
              </value>
            </param>
          </params>
          <reporter-output>
          </reporter-output>
        </test-method> <!-- testScenarios -->
        <test-method status="SKIP" signature="testScenarios(java.lang.String, java.lang.String)[pri:0, instance:main.DeltaDriver@5bcab519]" name="testScenarios" duration-ms="4" started-at="2016-12-05T10:46:37Z" data-provider="getScenarios" finished-at="2016-12-05T10:46:37Z">
          <params>
            <param index="0">
              <value>
                <![CDATA[ACH-FP-UC4]]>
              </value>
            </param>
            <param index="1">
              <value>
                <![CDATA[Yes]]>
              </value>
            </param>
          </params>
          <reporter-output>
          </reporter-output>
        </test-method> <!-- testScenarios -->
        <test-method status="SKIP" signature="testScenarios(java.lang.String, java.lang.String)[pri:0, instance:main.DeltaDriver@5bcab519]" name="testScenarios" duration-ms="2" started-at="2016-12-05T10:46:37Z" data-provider="getScenarios" finished-at="2016-12-05T10:46:37Z">
          <params>
            <param index="0">
              <value>
                <![CDATA[ACH-FP-UC5]]>
              </value>
            </param>
            <param index="1">
              <value>
                <![CDATA[Yes]]>
              </value>
            </param>
          </params>
          <reporter-output>
          </reporter-output>
        </test-method> <!-- testScenarios -->
        <test-method status="SKIP" signature="testScenarios(java.lang.String, java.lang.String)[pri:0, instance:main.DeltaDriver@5bcab519]" name="testScenarios" duration-ms="3" started-at="2016-12-05T10:46:37Z" data-provider="getScenarios" finished-at="2016-12-05T10:46:37Z">
          <params>
            <param index="0">
              <value>
                <![CDATA[OLBB-UC1]]>
              </value>
            </param>
            <param index="1">
              <value>
                <![CDATA[Yes]]>
              </value>
            </param>
          </params>
          <reporter-output>
          </reporter-output>
        </test-method> <!-- testScenarios -->
        <test-method status="SKIP" signature="testScenarios(java.lang.String, java.lang.String)[pri:0, instance:main.DeltaDriver@5bcab519]" name="testScenarios" duration-ms="3" started-at="2016-12-05T10:46:37Z" data-provider="getScenarios" finished-at="2016-12-05T10:46:37Z">
          <params>
            <param index="0">
              <value>
                <![CDATA[OLBB-UC2]]>
              </value>
            </param>
            <param index="1">
              <value>
                <![CDATA[Yes]]>
              </value>
            </param>
          </params>
          <reporter-output>
          </reporter-output>
        </test-method> <!-- testScenarios -->
        <test-method status="SKIP" signature="testScenarios(java.lang.String, java.lang.String)[pri:0, instance:main.DeltaDriver@5bcab519]" name="testScenarios" duration-ms="5" started-at="2016-12-05T10:46:37Z" data-provider="getScenarios" finished-at="2016-12-05T10:46:37Z">
          <params>
            <param index="0">
              <value>
                <![CDATA[OLBB-UC3]]>
              </value>
            </param>
            <param index="1">
              <value>
                <![CDATA[Yes]]>
              </value>
            </param>
          </params>
          <reporter-output>
          </reporter-output>
        </test-method> <!-- testScenarios -->
        <test-method status="SKIP" signature="testScenarios(java.lang.String, java.lang.String)[pri:0, instance:main.DeltaDriver@5bcab519]" name="testScenarios" duration-ms="1" started-at="2016-12-05T10:46:37Z" data-provider="getScenarios" finished-at="2016-12-05T10:46:37Z">
          <params>
            <param index="0">
              <value>
                <![CDATA[OLBB-UC4]]>
              </value>
            </param>
            <param index="1">
              <value>
                <![CDATA[Yes]]>
              </value>
            </param>
          </params>
          <reporter-output>
          </reporter-output>
        </test-method> <!-- testScenarios -->
        <test-method status="SKIP" signature="testScenarios(java.lang.String, java.lang.String)[pri:0, instance:main.DeltaDriver@5bcab519]" name="testScenarios" duration-ms="3" started-at="2016-12-05T10:46:37Z" data-provider="getScenarios" finished-at="2016-12-05T10:46:37Z">
          <params>
            <param index="0">
              <value>
                <![CDATA[OLBB-UC5]]>
              </value>
            </param>
            <param index="1">
              <value>
                <![CDATA[Yes]]>
              </value>
            </param>
          </params>
          <reporter-output>
          </reporter-output>
        </test-method> <!-- testScenarios -->
        <test-method status="SKIP" signature="testScenarios(java.lang.String, java.lang.String)[pri:0, instance:main.DeltaDriver@5bcab519]" name="testScenarios" duration-ms="0" started-at="2016-12-05T10:46:37Z" data-provider="getScenarios" finished-at="2016-12-05T10:46:37Z">
          <params>
            <param index="0">
              <value>
                <![CDATA[OLBB-UC6]]>
              </value>
            </param>
            <param index="1">
              <value>
                <![CDATA[Yes]]>
              </value>
            </param>
          </params>
          <reporter-output>
          </reporter-output>
        </test-method> <!-- testScenarios -->
        <test-method status="SKIP" signature="testScenarios(java.lang.String, java.lang.String)[pri:0, instance:main.DeltaDriver@5bcab519]" name="testScenarios" duration-ms="2" started-at="2016-12-05T10:46:37Z" data-provider="getScenarios" finished-at="2016-12-05T10:46:37Z">
          <params>
            <param index="0">
              <value>
                <![CDATA[OLBB-UC7]]>
              </value>
            </param>
            <param index="1">
              <value>
                <![CDATA[Yes]]>
              </value>
            </param>
          </params>
          <reporter-output>
          </reporter-output>
        </test-method> <!-- testScenarios -->
        <test-method status="SKIP" signature="testScenarios(java.lang.String, java.lang.String)[pri:0, instance:main.DeltaDriver@5bcab519]" name="testScenarios" duration-ms="4" started-at="2016-12-05T10:46:37Z" data-provider="getScenarios" finished-at="2016-12-05T10:46:37Z">
          <params>
            <param index="0">
              <value>
                <![CDATA[OLBB-UC8]]>
              </value>
            </param>
            <param index="1">
              <value>
                <![CDATA[Yes]]>
              </value>
            </param>
          </params>
          <reporter-output>
          </reporter-output>
        </test-method> <!-- testScenarios -->
        <test-method status="SKIP" signature="testScenarios(java.lang.String, java.lang.String)[pri:0, instance:main.DeltaDriver@5bcab519]" name="testScenarios" duration-ms="1" started-at="2016-12-05T10:46:37Z" data-provider="getScenarios" finished-at="2016-12-05T10:46:37Z">
          <params>
            <param index="0">
              <value>
                <![CDATA[OLBB-UC9]]>
              </value>
            </param>
            <param index="1">
              <value>
                <![CDATA[Yes]]>
              </value>
            </param>
          </params>
          <reporter-output>
          </reporter-output>
        </test-method> <!-- testScenarios -->
        <test-method status="SKIP" signature="endFrameWork()[pri:0, instance:main.DeltaDriver@5bcab519]" name="endFrameWork" is-config="true" duration-ms="0" started-at="2016-12-05T10:46:37Z" finished-at="2016-12-05T10:46:37Z">
          <reporter-output>
          </reporter-output>
        </test-method> <!-- endFrameWork -->
      </class> <!-- main.DeltaDriver -->
    </test> <!-- Default test -->
  </suite> <!-- Default suite -->
</testng-results>
